SF:lib\core\error\failure.dart
DA:6,5
DA:8,3
DA:9,6
DA:13,0
DA:18,5
DA:25,0
LF:6
LH:4
end_of_record
SF:lib\features\auth\domain\use_case\delete_usercase.dart
DA:11,1
DA:14,0
DA:16,0
DA:17,0
DA:24,1
DA:29,1
DA:31,2
DA:33,1
DA:34,0
DA:36,0
DA:38,1
DA:40,3
LF:12
LH:7
end_of_record
SF:lib\app\shared_prefs\token_shared_prefs.dart
DA:8,0
DA:10,0
DA:12,0
DA:13,0
DA:15,0
DA:19,0
DA:21,0
DA:22,0
DA:24,0
LF:9
LH:0
end_of_record
SF:lib\features\auth\domain\entity\auth_entity.dart
DA:15,3
DA:28,1
DA:40,0
DA:41,0
DA:42,0
DA:43,0
DA:44,0
DA:45,0
DA:46,0
DA:47,0
DA:48,0
DA:49,0
DA:50,0
DA:51,0
LF:14
LH:2
end_of_record
SF:lib\features\auth\domain\use_case\getalluser_usercase.dart
DA:10,1
DA:12,1
DA:14,2
LF:3
LH:3
end_of_record
SF:lib\features\auth\domain\use_case\get_current_user_usecase.dart
DA:10,1
DA:12,1
DA:14,2
LF:3
LH:3
end_of_record
SF:lib\features\auth\domain\use_case\login_usecase.dart
DA:12,3
DA:18,0
DA:22,0
DA:23,0
DA:24,0
DA:25,0
DA:33,1
DA:35,1
DA:37,1
DA:38,1
DA:39,1
DA:40,1
DA:42,2
DA:43,1
DA:44,0
DA:45,1
DA:46,2
DA:50,1
LF:18
LH:12
end_of_record
SF:lib\features\auth\domain\use_case\register_user_usecase.dart
DA:20,2
DA:41,1
DA:52,0
DA:53,0
DA:54,0
DA:55,0
DA:56,0
DA:57,0
DA:58,0
DA:59,0
DA:60,0
DA:61,0
DA:62,0
DA:65,0
DA:66,0
DA:67,0
DA:68,0
DA:69,0
DA:70,0
DA:71,0
DA:72,0
DA:73,0
DA:74,0
DA:75,0
DA:84,1
DA:86,1
DA:88,1
DA:90,1
DA:91,1
DA:92,1
DA:93,1
DA:94,1
DA:95,1
DA:96,1
DA:97,1
DA:98,1
DA:100,2
LF:37
LH:15
end_of_record
SF:lib\core\common\snackbar\my_snackbar.dart
DA:3,2
DA:8,2
DA:10,0
DA:11,0
DA:12,0
LF:5
LH:2
end_of_record
SF:lib\features\auth\domain\use_case\upload_image_usecase.dart
DA:11,2
DA:20,1
DA:22,1
DA:24,3
LF:4
LH:4
end_of_record
SF:lib\features\auth\presentation\view_model\register\register_event.dart
DA:4,1
DA:6,0
DA:7,0
DA:13,1
DA:30,1
LF:5
LH:3
end_of_record
SF:lib\features\auth\presentation\view_model\register\register_state.dart
DA:8,1
DA:14,1
DA:19,1
DA:24,1
DA:25,0
DA:26,1
DA:27,1
DA:31,1
DA:32,1
DA:33,1
DA:34,1
DA:35,1
LF:12
LH:11
end_of_record
SF:lib\features\auth\presentation\view_model\register\register_bloc.dart
DA:17,1
DA:23,2
DA:24,2
DA:25,2
DA:34,1
DA:38,3
DA:39,3
DA:40,1
DA:41,1
DA:42,1
DA:43,1
DA:44,1
DA:45,1
DA:46,1
DA:47,1
DA:48,2
DA:51,1
DA:52,1
DA:53,3
DA:54,1
DA:55,2
DA:57,1
DA:58,3
DA:59,1
DA:60,1
DA:65,1
DA:69,3
DA:70,2
DA:71,1
DA:72,1
DA:76,1
DA:77,4
DA:78,1
DA:79,3
LF:34
LH:34
end_of_record
SF:lib\features\auth\presentation\view_model\login\login_state.dart
DA:7,1
DA:12,1
DA:16,1
DA:20,1
DA:21,0
DA:22,1
LF:6
LH:5
end_of_record
SF:lib\features\auth\presentation\view_model\login\login_event.dart
DA:4,1
DA:6,0
DA:7,0
DA:14,0
DA:24,1
DA:36,1
LF:6
LH:3
end_of_record
SF:lib\features\auth\presentation\view_model\login\login_bloc.dart
DA:17,1
DA:24,2
DA:25,1
DA:26,0
DA:27,0
DA:28,0
DA:29,0
DA:30,0
DA:31,0
DA:33,0
DA:40,2
DA:41,1
DA:42,1
DA:43,1
DA:44,0
DA:45,0
DA:46,0
DA:53,1
DA:54,1
DA:55,3
DA:57,1
DA:58,1
DA:59,1
DA:62,2
DA:64,2
DA:66,1
DA:67,1
DA:68,1
DA:70,3
DA:71,1
DA:72,1
DA:77,1
DA:78,3
DA:79,1
DA:80,1
DA:81,1
DA:82,1
LF:37
LH:27
end_of_record
SF:lib\features\home\presentation\view_model\home_cubit.dart
DA:9,0
DA:11,0
DA:12,0
DA:15,0
DA:17,0
DA:18,0
DA:19,0
DA:21,0
DA:22,0
DA:23,0
DA:24,0
LF:11
LH:0
end_of_record
SF:lib\app\constants\api_endpoints.dart
DA:2,0
LF:1
LH:0
end_of_record
SF:lib\app\constants\hive_table_constant.dart
DA:2,0
LF:1
LH:0
end_of_record
SF:lib\app\di\di.dart
DA:19,0
DA:21,0
DA:23,0
DA:24,0
DA:25,0
DA:26,0
DA:27,0
DA:28,0
DA:30,0
DA:33,0
DA:34,0
DA:35,0
DA:38,0
DA:40,0
DA:41,0
DA:45,0
DA:46,0
DA:49,0
DA:52,0
DA:53,0
DA:56,0
DA:57,0
DA:62,0
DA:63,0
DA:65,0
DA:66,0
DA:71,0
DA:72,0
DA:75,0
DA:76,0
DA:77,0
DA:81,0
DA:82,0
DA:83,0
DA:84,0
DA:90,0
DA:91,0
DA:92,0
DA:96,0
DA:98,0
DA:99,0
DA:103,0
DA:104,0
DA:105,0
DA:106,0
DA:114,0
DA:115,0
DA:116,0
DA:117,0
DA:118,0
DA:123,0
DA:124,0
DA:125,0
LF:53
LH:0
end_of_record
SF:lib\core\network\api_service.dart
DA:9,0
DA:11,0
DA:12,0
DA:13,0
DA:14,0
DA:15,0
DA:16,0
DA:17,0
DA:19,0
DA:25,0
DA:28,0
DA:30,0
DA:36,0
DA:37,0
LF:14
LH:0
end_of_record
SF:lib\core\network\local_network.dart
DA:8,0
DA:9,0
DA:10,0
DA:11,0
DA:14,0
DA:21,0
DA:23,0
DA:24,0
DA:26,0
DA:31,0
DA:33,0
DA:34,0
DA:36,0
DA:41,0
DA:43,0
DA:44,0
DA:46,0
DA:51,0
DA:53,0
DA:54,0
DA:55,0
DA:56,0
DA:57,0
DA:58,0
DA:66,0
DA:68,0
DA:70,0
DA:75,0
DA:77,0
DA:79,0
DA:84,0
DA:85,0
LF:32
LH:0
end_of_record
SF:lib\features\auth\data\data_source\local_datasource\auth_local_datasource.dart
DA:10,0
DA:12,0
DA:14,0
DA:15,0
DA:16,0
DA:19,0
DA:21,0
DA:24,0
DA:26,0
DA:31,0
DA:35,0
LF:11
LH:0
end_of_record
SF:lib\features\auth\data\data_source\remote_datasource\auth_remote_data_source.dart
DA:11,0
DA:15,0
DA:18,0
DA:20,0
DA:25,0
DA:26,0
DA:28,0
DA:35,0
DA:38,0
DA:40,0
DA:41,0
DA:42,0
DA:43,0
DA:44,0
DA:45,0
DA:46,0
DA:47,0
DA:48,0
DA:49,0
DA:53,0
DA:56,0
DA:58,0
DA:59,0
DA:61,0
DA:65,0
DA:68,0
DA:69,0
DA:70,0
DA:71,0
DA:72,0
DA:78,0
DA:83,0
DA:85,0
DA:89,0
DA:91,0
DA:92,0
DA:94,0
LF:37
LH:0
end_of_record
SF:lib\features\auth\data\repository\auth_local_repository.dart
DA:12,0
DA:14,0
DA:18,0
DA:19,0
DA:21,0
DA:25,0
DA:28,0
DA:31,0
DA:35,0
DA:38,0
DA:41,0
DA:44,0
DA:47,0
DA:50,0
DA:53,0
DA:56,0
LF:16
LH:0
end_of_record
SF:lib\features\auth\data\repository\auth_remote_repository.dart
DA:11,0
DA:13,0
DA:18,0
DA:21,0
DA:24,0
DA:25,0
DA:26,0
DA:32,0
DA:35,0
DA:38,0
DA:39,0
DA:40,0
DA:46,0
DA:49,0
DA:50,0
DA:52,0
DA:53,0
DA:54,0
DA:60,0
DA:63,0
DA:66,0
DA:69,0
DA:72,0
DA:75,0
LF:24
LH:0
end_of_record
SF:lib\features\splash\presentation\view_model\splash_cubit.dart
DA:7,0
DA:11,0
DA:12,0
DA:15,0
DA:16,0
DA:18,0
DA:19,0
DA:20,0
DA:21,0
LF:9
LH:0
end_of_record
SF:lib\core\network\dio_error_interceptor.dart
DA:5,0
DA:7,0
DA:8,0
DA:9,0
DA:10,0
DA:11,0
DA:12,0
DA:13,0
DA:16,0
DA:17,0
DA:18,0
DA:20,0
DA:25,0
DA:26,0
DA:28,0
DA:31,0
LF:16
LH:0
end_of_record
SF:lib\features\auth\data\model\auth_hive_model.dart
DA:42,0
DA:53,0
DA:57,0
DA:70,0
DA:71,0
DA:72,0
DA:73,0
DA:74,0
DA:75,0
DA:76,0
DA:77,0
DA:78,0
DA:79,0
DA:80,0
DA:81,0
DA:86,0
DA:87,0
DA:88,0
DA:89,0
DA:90,0
DA:91,0
DA:92,0
DA:93,0
DA:94,0
DA:95,0
DA:96,0
DA:97,0
DA:101,0
DA:102,0
DA:103,0
DA:104,0
DA:105,0
DA:106,0
DA:107,0
DA:108,0
DA:109,0
DA:110,0
DA:111,0
DA:112,0
LF:39
LH:0
end_of_record
SF:lib\features\auth\data\model\auth_hive_model.g.dart
DA:13,0
DA:15,0
DA:16,0
DA:17,0
DA:19,0
DA:20,0
DA:21,0
DA:22,0
DA:23,0
DA:24,0
DA:25,0
DA:26,0
DA:27,0
DA:28,0
DA:29,0
DA:33,0
DA:36,0
DA:37,0
DA:38,0
DA:39,0
DA:40,0
DA:41,0
DA:42,0
DA:43,0
DA:44,0
DA:45,0
DA:46,0
DA:47,0
DA:48,0
DA:49,0
DA:50,0
DA:51,0
DA:52,0
DA:53,0
DA:54,0
DA:55,0
DA:56,0
DA:59,0
DA:60,0
DA:62,0
DA:65,0
DA:66,0
DA:67,0
LF:43
LH:0
end_of_record
SF:lib\features\auth\presentation\view\login_view.dart
DA:8,1
DA:16,1
DA:18,1
DA:19,1
DA:20,1
DA:21,1
DA:22,1
DA:23,1
DA:24,1
DA:26,1
DA:27,1
DA:35,1
DA:36,1
DA:38,1
DA:43,0
DA:44,0
DA:50,1
DA:51,1
DA:53,1
DA:55,1
DA:58,0
DA:59,0
DA:65,1
DA:116,1
DA:117,0
DA:118,0
DA:119,0
DA:120,0
DA:122,0
DA:123,0
DA:127,0
DA:146,1
DA:148,0
DA:149,0
DA:150,0
DA:151,0
LF:36
LH:21
end_of_record
SF:lib\features\auth\presentation\view\register_view.dart
DA:10,0
DA:12,0
DA:13,0
DA:27,0
DA:29,0
DA:31,0
DA:32,0
DA:33,0
DA:34,0
DA:41,0
DA:45,0
DA:47,0
DA:48,0
DA:52,0
DA:53,0
DA:54,0
DA:55,0
DA:61,0
DA:62,0
DA:68,0
DA:70,0
DA:71,0
DA:73,0
DA:74,0
DA:82,0
DA:83,0
DA:84,0
DA:86,0
DA:87,0
DA:88,0
DA:89,0
DA:90,0
DA:91,0
DA:92,0
DA:93,0
DA:101,0
DA:103,0
DA:105,0
DA:106,0
DA:107,0
DA:108,0
DA:109,0
DA:114,0
DA:115,0
DA:116,0
DA:117,0
DA:127,0
DA:130,0
DA:132,0
DA:133,0
DA:140,0
DA:141,0
DA:145,0
DA:146,0
DA:148,0
DA:149,0
DA:150,0
DA:154,0
DA:155,0
DA:157,0
DA:158,0
DA:159,0
DA:163,0
DA:167,0
DA:168,0
DA:169,0
DA:174,0
DA:178,0
DA:179,0
DA:180,0
DA:185,0
DA:189,0
DA:190,0
DA:192,0
DA:193,0
DA:194,0
DA:196,0
DA:197,0
DA:198,0
DA:199,0
DA:200,0
DA:201,0
DA:202,0
LF:83
LH:0
end_of_record
SF:lib\features\home\presentation\view\home_view.dart
DA:8,0
DA:12,0
DA:14,0
DA:15,0
DA:18,0
DA:19,0
DA:21,0
DA:23,0
DA:29,0
DA:32,0
DA:33,0
DA:34,0
DA:44,0
DA:45,0
DA:47,0
DA:48,0
DA:49,0
DA:68,0
DA:70,0
DA:71,0
LF:20
LH:0
end_of_record
SF:lib\features\home\presentation\view_model\home_state.dart
DA:8,0
DA:14,0
DA:15,0
DA:17,0
DA:28,0
DA:32,0
DA:33,0
DA:34,0
DA:38,0
DA:39,0
LF:10
LH:0
end_of_record
